Mar 28 00:22 : exception: Failed to open /home/angus/.config/mpd/mpdstate: No such file or directory
Mar 28 00:22 : exception: OutputThread could not get realtime scheduling, continuing anyway: sched_setscheduler failed: Operation not permitted
Mar 28 00:22 : update: added /李柏凝 - 幸福会不会从天而降.mp3
Mar 28 00:22 : update: added /Britney Spears - Till The World Ends.mp3
Mar 28 00:22 : update: added /谭艳 - 一个人.mp3
Mar 28 00:22 : update: added /AURORA - Under Stars.mp3
Mar 28 00:22 : update: added /Bea Miller - Pompeii (Cover).mp3
Mar 28 00:22 : update: added /Tatiana Manaois - Again & Again.mp3
Mar 28 00:22 : update: added /高进 - 别想她.mp3
Mar 28 00:22 : update: added /白云 - 偶然.mp3
Mar 28 00:22 : update: added /左颜 - 木头的心.mp3
Mar 28 00:22 : update: added /戚薇 - 放开爱.mp3
Mar 28 00:22 : update: added /陈绮贞 - 旅行的意义.mp3
Mar 28 00:22 : update: added /Bea Miller - Force of Nature.mp3
Mar 28 00:22 : update: added /后海大鲨鱼 - 猛犸.mp3
Mar 28 00:22 : update: added /G.E.M.邓紫棋 - 盲点.mp3
Mar 28 00:22 : update: added /Tatiana Manaois - I Want It to Be You (feat. Mac Mase).mp3
Mar 28 00:22 : update: added /曹方 - 比天空还远.mp3
Mar 28 00:22 : update: added /Jam - 梦里梦外.mp3
Mar 28 00:22 : update: added /Bea Miller - This Is Not an Apology.mp3
Mar 28 00:22 : update: added /周子琰 - 有一个我.mp3
Mar 28 00:22 : update: added /程天意 - 致橡树.mp3
Mar 28 00:22 : update: added /まふまふ - 病名は愛だった.mp3
Mar 28 00:22 : update: added /房东的猫 - 爱你就像爱生命.mp3
Mar 28 00:22 : update: added /周子琰 - 花开 (Interlude).mp3
Mar 28 00:22 : update: added /Tatiana Manaois - Helplessly.mp3
Mar 28 00:22 : update: added /岑日珈 - 真身.mp3
Mar 28 00:22 : update: added /宋冬野 - 安和桥.mp3
Mar 28 00:22 : update: added /白亮 赵静 - 孙大剩.mp3
Mar 28 00:22 : update: added /Vidya Vox Justin Bieber DJ Snake Arijit Singh - Let Me Love You & Tum Hi Ho (Vidya Vox Mashup).mp3
Mar 28 00:22 : update: added /蔡健雅 - 停格.mp3
Mar 28 00:22 : update: added /陈小熊 - 她说每个人的心中都有一首歌.mp3
Mar 28 00:22 : update: added /AURORA - Awakening.mp3
Mar 28 00:22 : update: added /Boyce Avenue Bea Miller - We Can't Stop.mp3
Mar 28 00:22 : update: added /AURORA - Home.mp3
Mar 28 00:22 : update: added /Jam - 忧伤的过往.mp3
Mar 28 00:22 : update: added /Beka Desantis - Gone.mp3
Mar 28 00:22 : update: added /梁咏琪 - 烟雾弥漫.mp3
Mar 28 00:22 : update: added /Tatiana Manaois - Understand.mp3
Mar 28 00:22 : update: added /Morning Call 轻晨电乐团 - 我们背对着青春.mp3
Mar 28 00:22 : update: added /Anthem Lights - Best of 2012： Payphone Call Me Maybe Wide Awake Starship We Are Young.mp3
Mar 28 00:22 : update: added /唐荭菲 - 海平面和地平线.mp3
Mar 28 00:22 : update: added /程璧 - 你们.mp3
Mar 28 00:22 : update: added /DeepSystem - Hey My Love (Radio Mix).mp3
Mar 28 00:22 : update: added /Sandra Lyng - Moonrise.mp3
Mar 28 00:22 : update: added /单色凌 - 一个人的童话.mp3
Mar 28 00:22 : update: added /Bea Miller - I Dare You.mp3
Mar 28 00:22 : update: added /萧贺硕 - 太温柔.mp3
Mar 28 00:22 : update: added /周子琰 - 萌芽 (Intro).mp3
Mar 28 00:22 : update: added /Jam - 我也不知为何流下了眼泪.mp3
Mar 28 00:22 : update: added /自然卷 - 像我这样的女孩.mp3
Mar 28 00:22 : update: added /Tatiana Manaois - Like You.mp3
Mar 28 00:22 : update: added /Jam - 拾墙.mp3
Mar 28 00:22 : update: added /Lovestoned - Bye Bye Bye.mp3
Mar 28 00:22 : update: added /林凡 - 一个人生活.mp3
Mar 28 00:22 : update: added /俊俏小松 - 一个人回忆两个人的曾经 - 俊俏小松.mp3
Mar 28 00:22 : update: added /Tatiana Manaois - Last Time.mp3
Mar 28 00:22 : update: added /双笙 - 小幸运（Cover 田馥甄）.mp3
Mar 28 00:22 : update: added /卡奇社 - 日光倾城.mp3
Mar 28 00:22 : update: added /程璧 - 给少年的歌.mp3
Mar 28 00:22 : update: added /周子琰 - 风起来的时光.mp3
Mar 28 00:22 : update: added /许慧欣 - 七月七日晴.mp3
Mar 28 00:22 : update: added /马頔 - 表.mp3
Mar 28 00:22 : update: added /罗琦 - 距离.mp3
Mar 28 00:22 : update: added /林忆莲 - 再见悲哀.mp3
Mar 28 00:22 : update: added /花澤香菜 釘宮理恵 - 恋愛サーキュレーション - 双声道版.mp3
Mar 28 00:22 : update: added /VOCALOID - 未来程序猿之歌.mp3
Mar 28 00:22 : update: added /陈僖仪 - 蜚蜚.mp3
Mar 28 00:22 : update: added /卡奇社 - 涟漪.mp3
Mar 28 00:22 : update: added /花粥 - 20岁的某一天.mp3
Mar 28 00:22 : update: added /曹方 - 冰川.mp3
Mar 28 00:22 : update: added /花粥 - 南来北往.mp3
Mar 28 00:22 : update: added /周子琰 - 小幸福.mp3
Mar 28 00:22 : update: added /汤旭 - 便宜的幸福.mp3
Mar 28 00:22 : update: added /谢春花 - 一棵会开花的树(demo).mp3
Mar 28 00:22 : update: added /黄玠 魏如萱 - 25岁.mp3
Mar 28 00:22 : update: added /Daniel Powter - Free Loop.mp3
Mar 28 00:22 : update: added /戚薇 - 如果爱忘了.mp3
Mar 28 00:22 : update: added /Schnappi - Schnappi Das Kleine Krokodil.mp3
Mar 28 00:22 : update: added /燕池 - 从前慢.mp3
Mar 28 00:22 : update: added /黄婧 - 有你陪伴的夏天.mp3
Mar 28 00:22 : update: added /林嘉欣 - 视而不见.mp3
Mar 28 00:22 : update: added /Tatiana Manaois - Through The Fight.mp3
Mar 28 00:22 : update: added /左颜 - 你以为.mp3
Mar 28 00:22 : update: added /周子琰 - 信.mp3
Mar 28 00:22 : update: added /性人盒 - 最初的姓名.mp3
Mar 28 00:22 : update: added /Lemon - 隔壁老王.mp3
Mar 28 00:22 : update: added /Bertie Higgins - Casablanca.mp3
Mar 28 00:22 : update: added /燕池 - 苦昼短.mp3
Mar 28 00:22 : update: added /钟立风 - 再见了，最爱的人.mp3
Mar 28 00:22 : update: added /魏佳庆 - 公路少年.mp3
Mar 28 00:22 : update: added /Bea Miller - Perfect Picture.mp3
Mar 28 00:22 : update: added /Jon Young - 2 Soon.mp3
Mar 28 00:22 : update: added /周艳泓 - 白骨精写给孙悟空的信.mp3
Mar 28 00:22 : update: added /林子萱 - 一对.mp3
Mar 28 00:22 : update: added /Bea Miller - We're Taking Over.mp3
Mar 28 00:22 : update: added /尧十三 - 北方女王.mp3
Mar 28 00:22 : update: added /阿肆 - 微凉的心跳.mp3
Mar 28 00:22 : update: added /谢春花 - 黑夜虽长，请别用来遗忘(demo).mp3
Mar 28 00:22 : update: added /AURORA - Wisdom Cries.mp3
Mar 28 00:22 : update: added /花粥 - 我们总是在寻找.mp3
Mar 28 00:22 : update: added /颜阿达Ada - 你飞到城市另一边.mp3
Mar 28 00:22 : update: added /邵夷贝 - 我们.mp3
Mar 28 00:22 : update: added /李幸倪 - 我不是你的观赏鱼.mp3
Mar 28 00:22 : update: added /刘思涵 - 走在冷风中.mp3
Mar 28 00:22 : update: added /小曲儿 - 原点.mp3
Mar 28 00:22 : update: added /阿肆 - 预谋邂逅.mp3
Mar 28 00:22 : update: added /宇珩 - 朋友们都结婚去了.mp3
Mar 28 00:22 : update: added /Boyce Avenue Bea Miller - See You Again.mp3
Mar 28 00:22 : update: added /郭斯 张雨晴 - 你.mp3
Mar 28 00:22 : update: added /Havana Brown R3hab - You’ll Be Mine.mp3
Mar 28 00:22 : update: added /薛之谦 - 演员.mp3
Mar 28 00:22 : update: added /AURORA - Murder Song (5, 4, 3, 2, 1) ［Acoustic］.mp3
Mar 28 00:22 : update: added /空想家乐队 - 走在通往明天的路上.mp3
Mar 28 00:22 : update: added /燕池 - 人海 - 2015版.mp3
Mar 28 00:22 : update: added /周子琰 - 果实 (Outro).mp3
Mar 28 00:22 : update: added /杨千嬅 - 一个人的童话.mp3
Mar 28 00:22 : update: added /尚雯婕 - 待我长发及腰.mp3
Mar 28 00:22 : update: added /AURORA - Under the Water.mp3
Mar 28 00:22 : update: added /AURORA - Half the World Away.mp3
Mar 28 00:22 : update: added /张纹嘉 - 形影不离.mp3
Mar 28 00:22 : update: added /Tiffany Alvord - Baby I Love You.mp3
Mar 28 00:22 : update: added /王菲 - 偿还.mp3
Mar 28 00:22 : update: added /萧贺硕 - 不公平.mp3
Mar 28 00:22 : update: added /鱼一 - 全新改版鼓.mp3
Mar 28 00:22 : update: added /阿肆 - 睡前故事.mp3
Mar 28 00:22 : update: added /Tatiana Manaois - It's Already Christmas.mp3
Mar 28 00:22 : update: added /钟汉良 - 何以爱情.mp3
Mar 28 00:22 : update: added /Rihanna - Cry.mp3
Mar 28 00:22 : update: added /孙燕姿 - 害怕.mp3
Mar 28 00:22 : update: added /周子琰 - 我懂你.mp3
Mar 28 00:22 : update: added /AURORA - Running With the Wolves (Pablo Nouvelle Remix).mp3
Mar 28 00:22 : update: added /黄小桢 陈建骐 - 贝阿提丝.mp3
Mar 28 00:22 : update: added /陈慧琳 - 谁愿放手.mp3
Mar 28 00:22 : update: added /金玟岐 - 岁月神偷.mp3
Mar 28 00:22 : update: added /可岚 - 女生不哭.mp3
Mar 28 00:22 : update: added /AURORA - Conqueror.mp3
Mar 28 00:22 : update: added /撒娇 - 虎口脱险.mp3
Mar 28 00:22 : update: added /Bea Miller - Enemy Fire.mp3
Mar 28 00:22 : update: added /蔡健雅 - 呼吸.mp3
Mar 28 00:22 : update: added /Tatiana Manaois J Jayce - Break Me Down.mp3
Mar 28 00:22 : update: added /李志 - 意味.mp3
Mar 28 00:22 : update: added /向日葵乐队 - 想和你鬼闹.mp3
Mar 28 00:22 : update: added /莫倪moni - 宝贝 我不再是穿着花裙的小傻X.mp3
Mar 28 00:22 : update: added /马条 - 塔吉汗.mp3
Mar 28 00:22 : update: added /王菲 - 匆匆那年.mp3
Mar 28 00:22 : update: added /那英 - 默.mp3
Mar 28 00:22 : update: added /蔡健雅 - 红色高跟鞋.mp3
Mar 28 00:22 : update: added /AURORA - Little Boy in the Grass.mp3
Mar 28 00:22 : update: added /万岁爺 - 爱情.mp3
Mar 28 00:22 : update: added /赵雷 - 少年锦时.mp3
Mar 28 00:22 : update: added /ヨフォシT– سيش - 未来.mp3
Mar 28 00:22 : update: added /周子琰 - 立秋.mp3
Mar 28 00:22 : update: added /卢巧音 - 哲学家.mp3
Mar 28 00:22 : update: added /花粥 - 二十岁的某一天.mp3
Mar 28 00:22 : update: added /周子琰 - 随之舞蹈.mp3
Mar 28 00:22 : update: added /my little airport - 给亲戚看见我一个人食吉野家.mp3
Mar 28 00:22 : update: added /秘密後院 - 梦生.mp3
Mar 28 00:22 : update: added /Tatiana Manaois - Find Me.mp3
Mar 28 00:22 : update: added /AURORA - Nature Boy (Acoustic).mp3
Mar 28 00:22 : update: added /周子琰 - The World Is Love.mp3
Mar 28 00:22 : update: added /AURORA - Puppet.mp3
Mar 28 00:22 : update: added /陈婉晴 - 眠去.mp3
Mar 28 00:22 : update: added /Lola - Qaytmaydi.mp3
Mar 28 00:22 : update: added /小果 - 蜗牛的旅行.mp3
Mar 28 00:22 : update: added /Gloria Kim - Oh, Honey.mp3
Mar 28 00:22 : update: added /自然卷 - 坐在巷口的那对男女.mp3
Mar 28 00:22 : update: added /张悬 - 如果你要离去.mp3
Mar 28 00:22 : update: added /花粥 - 远在北方孤独的鬼.mp3
Mar 28 00:22 : update: added /Hello Nico - 花.mp3
Mar 28 00:22 : update: added /蓝又时 - 让心跳停了.mp3
Mar 28 00:22 : update: added /肖晨 陈小二 - 酒吧叙事体.mp3
Mar 28 00:22 : update: added /周子琰 - 喜欢.mp3
Mar 28 00:22 : update: added /区文诗 - 不只爱情.mp3
Mar 28 00:22 : update: added /尧十三 - 南方的女王.mp3
Mar 28 00:22 : update: added /Bea Miller - Paper Doll.mp3
Mar 28 00:22 : update: added /AURORA - Through the Eyes of a Child.mp3
Mar 28 00:22 : update: added /AURORA - In Boxes.mp3
Mar 28 00:22 : update: added /周子琰 - 疯了.mp3
Mar 28 00:22 : update: added /张震岳 - 思念是一种病(Live) - live.mp3
Mar 28 00:22 : update: added /F.I.R. 彭佳慧 - 心之火.mp3
Mar 28 00:22 : update: added /AURORA - Lucky.mp3
Mar 28 00:22 : update: added /万岁爺 - 蜜蜂 demo.mp3
Mar 28 00:22 : update: added /AURORA - Running With the Wolves.mp3
Mar 28 00:22 : update: added /花粥 - 轻狂.mp3
Mar 28 00:22 : update: added /王艺洁 - 此时的月光.mp3
Mar 28 00:22 : update: added /刘沁 - 我很好.mp3
Mar 28 00:22 : update: added /Niykee Heaton - Skin Tight.mp3
Mar 28 00:22 : update: added /魏如萱 - 晚安晚安.mp3
Mar 28 00:22 : update: added /Bea Miller - Open Your Eyes (Deep Blue Songspell).mp3
Mar 28 00:22 : update: added /Amy Chanrich - IF You & Faded Remix.mp3
Mar 28 00:22 : update: added /阿肆 - 缺乏.mp3
Mar 28 00:22 : update: added /茶凉粉乐队 - 白日梦.mp3
Mar 28 00:22 : update: added /Charlie Puth Selena Gomez - We Don't Talk Anymore.mp3
Mar 28 00:22 : update: added /汤旭 - 岛歌.mp3
Mar 28 00:22 : update: added /裸儿 - 会飞的野马.mp3
Mar 28 00:22 : update: added /Jam - 差三岁.mp3
Mar 28 00:22 : update: added /回音哥 - 陪我看日出.mp3
Mar 28 00:22 : update: added /李秋雯 - 往南.mp3
Mar 28 00:22 : update: added /Maksim - Небо-самолеты.mp3
Mar 28 00:22 : update: added /刘惜君 - 我很快乐.mp3
Mar 28 00:22 : update: added /蔚雨芯 - 无话可说.mp3
Mar 28 00:22 : update: added /Tatiana Manaois - If We're Reckless (Stay Love).mp3
Mar 28 00:22 : update: added /Tatiana Manaois - This Melody.mp3
Mar 28 00:22 : update: added /AURORA - I Went Too Far.mp3
Mar 28 00:22 : update: added /谢天笑 - 请原谅我.mp3
Mar 28 00:22 : update: added /海龟先生 - 男孩别哭.mp3
Mar 28 00:22 : update: added /李宇春 - 粉末.mp3
Mar 28 00:22 : update: added /戴爱玲 - 空港.mp3
Mar 28 00:22 : update: added /J.Fla - Closer.mp3
Mar 28 00:22 : update: added /黄婧 - 七十里的城墙.mp3
Mar 28 00:22 : update: added /谣乐队 - 裙角飞扬.mp3
Mar 28 00:22 : update: added /黄伊汶 - 人.情.味.mp3
Mar 28 00:22 : update: added /Bea Miller - Fire N Gold.mp3
Mar 28 00:22 : update: added /森冬 - Dried Out.mp3
Mar 28 00:22 : update: added /纣王老胡 - 离散.mp3
Mar 28 00:22 : update: added /双笙 - 我的一个道姑朋友（Cover Lon）.mp3
Mar 28 00:22 : update: added /草莓救星 - 这样的我.mp3
Mar 28 00:22 : update: added /Richard Marx - Right Here Waiting.mp3
Mar 28 00:22 : update: added /大鹏 - 都选C.mp3
Mar 28 00:22 : update: added /Joel Hanson - Traveling Light.mp3
Mar 28 00:22 : update: added /Tinashé - This Feeling.mp3
Mar 28 00:22 : update: added /Bea Miller - Rich Kids.mp3
Mar 28 00:22 : update: added /Tatiana Manaois - Difference.mp3
Mar 28 00:22 : update: added /张碧晨 陈奕夫 傲日其愣 唐倩 - 凉凉.mp3
Mar 28 00:22 : update: added /Bea Miller - Dracula.mp3
Mar 28 00:22 : update: added /双笙 - 故梦（Cover 橙翼）.mp3
Mar 28 00:22 : update: added /李幸倪 - 玫瑰的故事.mp3
Mar 28 00:22 : update: added /郁欢 - 不找了（Cover：郭旭）.mp3
Mar 28 00:22 : update: added /花粥 - 三天.mp3
Mar 28 00:22 : update: added /AURORA - Runaway.mp3
Mar 28 00:22 : update: added /Mac Mase Tatiana Manaois - I Know You Like It .mp3
Mar 28 00:22 : update: added /AURORA - Warrior.mp3
Mar 28 00:22 : update: added /温岚 - 傻瓜.mp3
Mar 28 00:22 : update: added /戴尔基 - 安阳安阳（Cover 李晋）.mp3
Mar 28 00:22 : update: added /莫倪moni - 一位老司机悲伤的夏天.mp3
Mar 28 00:22 : update: added /大乔小乔 - 消失的光年.mp3
Mar 28 00:22 : update: added /王般若 - 南方的我，北方的你.mp3
Mar 28 00:22 : update: added /AURORA - Black Water Lilies.mp3
Mar 28 00:22 : update: added /邵夷贝 - 小傻瓜.mp3
Mar 28 00:22 : update: added /徐薇 - 我以为.mp3
Mar 28 00:22 : update: added /AURORA - Winter Bird.mp3
Mar 28 00:22 : update: added /张亚飞 - 大女人.mp3
Mar 28 00:22 : update: added /白云 - 别来无恙.mp3
Mar 28 00:22 : update: added /宋冬野 - 关忆北.mp3
Mar 28 00:22 : update: added /程璧 - 恋恋风尘.mp3
Mar 28 00:22 : update: added /邵夷贝 - 石头姑娘.mp3
Mar 28 00:22 : update: added /Tatiana Manaois - Go Crazy.mp3
Mar 28 00:22 : update: added /谢春花 - 唱不了一首欢乐的歌(demo).mp3
Mar 28 00:22 : update: added /Adele - Someone Like You.mp3
Mar 28 00:22 : exception: OutputThread could not get realtime scheduling, continuing anyway: sched_setscheduler failed: Operation not permitted
Mar 28 00:30 : exception: OutputThread could not get realtime scheduling, continuing anyway: sched_setscheduler failed: Operation not permitted
Mar 28 00:30 : client: [0] opened from 127.0.0.1:47008
Mar 28 00:30 : exception: OutputThread could not get realtime scheduling, continuing anyway: sched_setscheduler failed: Operation not permitted
Mar 28 00:30 : player: played "Adele - Someone Like You.mp3"
Mar 28 00:45 : client: [0] closed
Mar 28 00:46 : player: played "Jam - 差三岁.mp3"
Mar 28 21:31 : exception: OutputThread could not get realtime scheduling, continuing anyway: sched_setscheduler failed: Operation not permitted
Mar 28 21:31 : client: [0] opened from 127.0.0.1:44658
Mar 28 21:31 : exception: OutputThread could not get realtime scheduling, continuing anyway: sched_setscheduler failed: Operation not permitted
Mar 28 21:32 : client: [0] closed
Mar 28 21:34 : player: played "Jam - 差三岁.mp3"
Mar 28 21:38 : player: played "Jam - 我也不知为何流下了眼泪.mp3"
Mar 28 21:41 : player: played "Jam - 拾墙.mp3"
Mar 28 21:45 : player: played "Jam - 梦里梦外.mp3"
Mar 28 21:48 : player: played "Joel Hanson - Traveling Light.mp3"
Mar 28 21:52 : player: played "Jon Young - 2 Soon.mp3"
Mar 28 21:54 : player: played "Lemon - 隔壁老王.mp3"
Mar 28 21:58 : player: played "Lola - Qaytmaydi.mp3"
Mar 28 22:01 : player: played "Lovestoned - Bye Bye Bye.mp3"
Mar 28 22:05 : player: played "Mac Mase Tatiana Manaois - I Know You Like It .mp3"
Mar 28 22:08 : player: played "Maksim - Небо-самолеты.mp3"
Mar 28 22:12 : player: played "Morning Call 轻晨电乐团 - 我们背对着青春.mp3"
Mar 28 22:15 : player: played "my little airport - 给亲戚看见我一个人食吉野家.mp3"
Mar 28 22:19 : player: played "Niykee Heaton - Skin Tight.mp3"
Mar 28 22:23 : player: played "Richard Marx - Right Here Waiting.mp3"
Mar 28 22:27 : player: played "Rihanna - Cry.mp3"
Mar 28 23:10 : client: [1] opened from 127.0.0.1:51798
Mar 28 23:11 : client: [1] closed
Mar 28 23:11 : exception: OutputThread could not get realtime scheduling, continuing anyway: sched_setscheduler failed: Operation not permitted
Mar 29 00:26 : client: [0] opened from 127.0.0.1:53800
Mar 29 00:26 : client: [0] closed
Mar 29 00:33 : avahi: Client Disconnected, will reconnect shortly
Mar 29 00:33 : avahi: Could not reconnect: An unexpected D-Bus error occurred
Mar 29 19:51 : exception: OutputThread could not get realtime scheduling, continuing anyway: sched_setscheduler failed: Operation not permitted
Mar 29 21:47 : client: [0] opened from 127.0.0.1:39846
Mar 29 21:51 : client: [0] closed
Mar 29 22:11 : client: [1] opened from 127.0.0.1:40444
Mar 29 22:12 : exception: OutputThread could not get realtime scheduling, continuing anyway: sched_setscheduler failed: Operation not permitted
Mar 29 22:12 : client: [1] closed
Mar 29 22:15 : player: played "Mac Mase Tatiana Manaois - I Know You Like It .mp3"
Mar 29 22:19 : player: played "Maksim - Небо-самолеты.mp3"
Mar 29 22:23 : player: played "Morning Call 轻晨电乐团 - 我们背对着青春.mp3"
Mar 29 22:26 : player: played "my little airport - 给亲戚看见我一个人食吉野家.mp3"
Mar 29 22:29 : player: played "Niykee Heaton - Skin Tight.mp3"
Mar 29 22:33 : player: played "Richard Marx - Right Here Waiting.mp3"
Mar 29 22:37 : player: played "Rihanna - Cry.mp3"
Mar 29 22:49 : client: [2] opened from 127.0.0.1:40934
Mar 29 22:54 : player: played "Amy Chanrich - IF You & Faded Remix.mp3"
Mar 29 22:57 : player: played "Jam - 差三岁.mp3"
Mar 29 22:58 : client: [2] closed
Mar 29 22:59 : client: [3] opened from 127.0.0.1:42172
Mar 29 22:59 : client: [3] closed
Mar 29 23:00 : client: [4] opened from 127.0.0.1:42188
Mar 29 23:05 : player: played "Joel Hanson - Traveling Light.mp3"
Mar 29 23:08 : player: played "Jon Young - 2 Soon.mp3"
Mar 29 23:11 : player: played "Lemon - 隔壁老王.mp3"
Mar 29 23:15 : player: played "Lola - Qaytmaydi.mp3"
Mar 29 23:18 : player: played "Lovestoned - Bye Bye Bye.mp3"
Mar 29 23:22 : player: played "Mac Mase Tatiana Manaois - I Know You Like It .mp3"
Mar 29 23:25 : player: played "Maksim - Небо-самолеты.mp3"
Mar 29 23:29 : player: played "Morning Call 轻晨电乐团 - 我们背对着青春.mp3"
Mar 29 23:32 : player: played "my little airport - 给亲戚看见我一个人食吉野家.mp3"
Mar 29 23:35 : player: played "Niykee Heaton - Skin Tight.mp3"
Mar 29 23:40 : player: played "Richard Marx - Right Here Waiting.mp3"
Mar 29 23:44 : player: played "Rihanna - Cry.mp3"
Mar 29 23:49 : player: played "花粥 - 二十岁的某一天.mp3"
Mar 29 23:52 : client: [4] closed
Mar 29 23:52 : client: [5] opened from 127.0.0.1:43982
Mar 29 23:52 : client: [5] closed
Mar 29 23:54 : client: [6] opened from 127.0.0.1:44002
Mar 29 23:55 : client: [6] closed
Mar 29 23:55 : client: [7] opened from 127.0.0.1:44014
Mar 29 23:56 : client: [7] closed
Mar 29 23:56 : client: [8] opened from 127.0.0.1:44018
Mar 29 23:58 : client: [8] closed
Mar 29 23:59 : player: played "Jam - 差三岁.mp3"
Mar 30 00:03 : player: played "Jam - 我也不知为何流下了眼泪.mp3"
Mar 30 00:07 : player: played "Jam - 拾墙.mp3"
Mar 30 00:10 : player: played "Jam - 梦里梦外.mp3"
Mar 30 00:13 : client: [9] opened from 127.0.0.1:44342
Mar 30 00:14 : player: played "Joel Hanson - Traveling Light.mp3"
Mar 30 00:14 : client: [9] closed
Mar 30 00:14 : player: played "Jon Young - 2 Soon.mp3"
Mar 30 00:16 : exception: OutputThread could not get realtime scheduling, continuing anyway: sched_setscheduler failed: Operation not permitted
Mar 30 00:16 : exception: OutputThread could not get realtime scheduling, continuing anyway: sched_setscheduler failed: Operation not permitted
Mar 30 00:16 : client: [0] opened from 127.0.0.1:46378
Mar 30 00:19 : player: played "Jon Young - 2 Soon.mp3"
Mar 30 00:20 : client: [0] closed
Mar 30 00:22 : player: played "Lemon - 隔壁老王.mp3"
Mar 30 00:25 : player: played "Lola - Qaytmaydi.mp3"
Mar 30 00:26 : exception: "pulse audio" [pulse] failed to play: disconnected
xcb_connection_has_error() returned true
Mar 30 00:27 : exception: Failed to open "pulse audio" [pulse]
Mar 30 00:27 : exception: nested: failed to connect: Connection terminated
Mar 30 00:27 : player: played "Lovestoned - Bye Bye Bye.mp3"
Mar 30 00:28 : exception: OutputThread could not get realtime scheduling, continuing anyway: sched_setscheduler failed: Operation not permitted
Mar 30 00:28 : exception: OutputThread could not get realtime scheduling, continuing anyway: sched_setscheduler failed: Operation not permitted
Mar 30 00:30 : player: played "Lovestoned - Bye Bye Bye.mp3"
Mar 30 00:31 : client: [0] opened from 127.0.0.1:50216
Mar 30 00:31 : client: [0] closed
Mar 30 00:33 : player: played "Mac Mase Tatiana Manaois - I Know You Like It .mp3"
Mar 30 00:37 : player: played "Maksim - Небо-самолеты.mp3"
Mar 30 00:41 : player: played "Morning Call 轻晨电乐团 - 我们背对着青春.mp3"
Mar 30 00:44 : player: played "my little airport - 给亲戚看见我一个人食吉野家.mp3"
Mar 30 00:47 : player: played "Niykee Heaton - Skin Tight.mp3"
Mar 30 00:51 : player: played "Richard Marx - Right Here Waiting.mp3"
Mar 30 00:55 : player: played "Rihanna - Cry.mp3"
Mar 30 00:59 : player: played "Tatiana Manaois - Go Crazy.mp3"
Mar 30 01:03 : player: played "周子琰 - 小幸福.mp3"
Mar 30 01:07 : player: played "岑日珈 - 真身.mp3"
Mar 30 01:11 : player: played "汤旭 - 岛歌.mp3"
Mar 30 01:12 : player: played "花粥 - 二十岁的某一天.mp3"
Mar 30 01:13 : exception: OutputThread could not get realtime scheduling, continuing anyway: sched_setscheduler failed: Operation not permitted
Mar 30 01:13 : exception: OutputThread could not get realtime scheduling, continuing anyway: sched_setscheduler failed: Operation not permitted
Mar 30 01:14 : player: played "花粥 - 二十岁的某一天.mp3"
Mar 30 19:26 : exception: OutputThread could not get realtime scheduling, continuing anyway: sched_setscheduler failed: Operation not permitted
Mar 30 23:57 : client: [0] opened from 127.0.0.1:50730
Mar 30 23:57 : exception: OutputThread could not get realtime scheduling, continuing anyway: sched_setscheduler failed: Operation not permitted
Mar 30 23:57 : client: [0] closed
Mar 31 00:01 : player: played "莫倪moni - 宝贝 我不再是穿着花裙的小傻X.mp3"
Mar 31 00:06 : client: [1] opened from 127.0.0.1:50958
Mar 31 00:06 : client: [1] closed
Mar 31 00:10 : player: played "Jam - 我也不知为何流下了眼泪.mp3"
Mar 31 00:13 : player: played "Jam - 拾墙.mp3"
Mar 31 00:17 : player: played "Jam - 梦里梦外.mp3"
Mar 31 00:20 : player: played "Joel Hanson - Traveling Light.mp3"
Mar 31 00:23 : player: played "Jon Young - 2 Soon.mp3"
Mar 31 00:26 : player: played "Lemon - 隔壁老王.mp3"
Mar 31 00:30 : player: played "Lola - Qaytmaydi.mp3"
Mar 31 00:33 : player: played "Lovestoned - Bye Bye Bye.mp3"
Mar 31 00:37 : player: played "Mac Mase Tatiana Manaois - I Know You Like It .mp3"
Mar 31 00:40 : player: played "Maksim - Небо-самолеты.mp3"
Mar 31 00:44 : player: played "Morning Call 轻晨电乐团 - 我们背对着青春.mp3"
Mar 31 00:47 : player: played "my little airport - 给亲戚看见我一个人食吉野家.mp3"
Mar 31 00:50 : player: played "Niykee Heaton - Skin Tight.mp3"
Mar 31 00:55 : player: played "Richard Marx - Right Here Waiting.mp3"
Mar 31 00:58 : client: [2] opened from 127.0.0.1:53044
Mar 31 00:58 : client: [2] closed
Mar 31 00:59 : player: played "Rihanna - Cry.mp3"
Mar 31 00:59 : client: [3] opened from 127.0.0.1:53074
Mar 31 00:59 : client: [4] opened from 127.0.0.1:53078
Mar 31 00:59 : client: [4] closed
Mar 31 01:01 : client: [3] closed
Mar 31 01:01 : client: [5] opened from 127.0.0.1:53334
Mar 31 01:02 : client: [5] closed
Mar 31 01:02 : client: [6] opened from 127.0.0.1:53338
Mar 31 01:02 : client: [7] opened from 127.0.0.1:53342
Mar 31 01:02 : client: [7] closed
Mar 31 01:02 : client: [8] opened from 127.0.0.1:53344
Mar 31 01:02 : client: [8] closed
Mar 31 01:02 : client: [9] opened from 127.0.0.1:53346
Mar 31 01:02 : client: [9] closed
Mar 31 01:02 : client: [10] opened from 127.0.0.1:53348
Mar 31 01:02 : client: [10] closed
Mar 31 01:02 : client: [11] opened from 127.0.0.1:53350
Mar 31 01:02 : client: [11] closed
Mar 31 01:02 : client: [12] opened from 127.0.0.1:53352
Mar 31 01:02 : client: [12] closed
Mar 31 01:03 : player: played "周子琰 - 小幸福.mp3"
Mar 31 01:04 : client: [6] closed
Mar 31 01:04 : client: [13] opened from 127.0.0.1:53462
Mar 31 01:05 : client: [13] closed
Mar 31 01:05 : client: [14] opened from 127.0.0.1:53466
Mar 31 01:05 : client: [14] closed
Mar 31 01:05 : client: [15] opened from 127.0.0.1:53468
Mar 31 01:05 : client: [15] closed
Mar 31 01:05 : client: [16] opened from 127.0.0.1:53476
Mar 31 01:07 : player: played "岑日珈 - 真身.mp3"
Mar 31 01:11 : player: played "汤旭 - 岛歌.mp3"
Mar 31 01:12 : client: [16] closed
Mar 31 01:12 : client: [17] opened from 127.0.0.1:53588
Mar 31 01:13 : player: played "花粥 - 二十岁的某一天.mp3"
Mar 31 01:13 : client: [17] closed
Mar 31 01:13 : client: [18] opened from 127.0.0.1:53610
Mar 31 01:16 : client: [18] closed
Mar 31 01:16 : client: [19] opened from 127.0.0.1:53614
Mar 31 01:17 : client: [19] closed
Mar 31 01:17 : client: [20] opened from 127.0.0.1:53622
Mar 31 01:17 : player: played "莫倪moni - 宝贝 我不再是穿着花裙的小傻X.mp3"
Mar 31 01:17 : client: [21] opened from 127.0.0.1:53626
Mar 31 01:17 : client: [21] closed
Mar 31 01:21 : player: played "Amy Chanrich - IF You & Faded Remix.mp3"
Mar 31 01:25 : player: played "Jam - 差三岁.mp3"
Mar 31 01:29 : player: played "Jam - 我也不知为何流下了眼泪.mp3"
Mar 31 01:32 : player: played "Jam - 拾墙.mp3"
Mar 31 01:35 : player: played "Jam - 梦里梦外.mp3"
Mar 31 01:39 : player: played "Joel Hanson - Traveling Light.mp3"
Mar 31 01:42 : player: played "Jon Young - 2 Soon.mp3"
Mar 31 01:45 : player: played "Lemon - 隔壁老王.mp3"
Mar 31 01:48 : player: played "Lola - Qaytmaydi.mp3"
Mar 31 01:52 : player: played "Lovestoned - Bye Bye Bye.mp3"
Mar 31 01:56 : player: played "Mac Mase Tatiana Manaois - I Know You Like It .mp3"
Mar 31 01:56 : client: [20] closed
Mar 31 01:56 : client: [22] opened from 127.0.0.1:55606
Mar 31 01:59 : player: played "Maksim - Небо-самолеты.mp3"
Mar 31 02:03 : player: played "Morning Call 轻晨电乐团 - 我们背对着青春.mp3"
Mar 31 02:06 : player: played "my little airport - 给亲戚看见我一个人食吉野家.mp3"
Mar 31 02:09 : player: played "Niykee Heaton - Skin Tight.mp3"
Mar 31 02:14 : player: played "Richard Marx - Right Here Waiting.mp3"
Mar 31 02:17 : client: [22] closed
Mar 31 02:17 : client: [23] opened from 127.0.0.1:55888
Mar 31 02:18 : player: played "Rihanna - Cry.mp3"
Mar 31 02:18 : client: [24] opened from 127.0.0.1:55890
Mar 31 02:18 : client: [24] closed
Mar 31 02:18 : client: [25] opened from 127.0.0.1:55892
Mar 31 02:18 : client: [25] closed
Mar 31 02:18 : client: [26] opened from 127.0.0.1:55896
Mar 31 02:18 : client: [26] closed
Mar 31 02:18 : client: [27] opened from 127.0.0.1:55898
Mar 31 02:18 : client: [27] closed
Mar 31 02:18 : client: [28] opened from 127.0.0.1:55900
Mar 31 02:18 : client: [28] closed
Mar 31 02:18 : client: [29] opened from 127.0.0.1:55902
Mar 31 02:18 : client: [29] closed
Mar 31 02:18 : client: [30] opened from 127.0.0.1:55904
Mar 31 02:18 : client: [30] closed
Mar 31 02:18 : client: [31] opened from 127.0.0.1:55906
Mar 31 02:18 : client: [31] closed
Mar 31 02:18 : client: [32] opened from 127.0.0.1:55908
Mar 31 02:18 : client: [32] closed
Mar 31 02:18 : client: [33] opened from 127.0.0.1:55910
Mar 31 02:18 : client: [33] closed
Mar 31 02:18 : client: [34] opened from 127.0.0.1:55912
Mar 31 02:18 : client: [34] closed
Mar 31 02:18 : client: [35] opened from 127.0.0.1:55914
Mar 31 02:18 : client: [35] closed
Mar 31 02:18 : client: [36] opened from 127.0.0.1:55916
Mar 31 02:18 : client: [36] closed
Mar 31 02:18 : client: [37] opened from 127.0.0.1:55918
Mar 31 02:18 : client: [37] closed
Mar 31 02:18 : client: [38] opened from 127.0.0.1:55920
Mar 31 02:18 : client: [38] closed
Mar 31 02:18 : client: [39] opened from 127.0.0.1:55922
Mar 31 02:18 : client: [39] closed
Mar 31 02:20 : client: [40] opened from 127.0.0.1:56162
Mar 31 02:20 : client: [40] closed
Mar 31 02:21 : client: [41] opened from 127.0.0.1:56164
Mar 31 02:21 : client: [41] closed
Mar 31 02:25 : client: [23] closed
Mar 31 02:25 : player: played "汤旭 - 岛歌.mp3"
Mar 31 02:26 : client: [42] opened from 127.0.0.1:56470
Mar 31 02:26 : client: [43] opened from 127.0.0.1:56474
Mar 31 02:26 : client: [43] closed
Mar 31 02:26 : client: [44] opened from 127.0.0.1:56476
Mar 31 02:26 : client: [44] closed
Mar 31 02:27 : player: played "花粥 - 二十岁的某一天.mp3"
Mar 31 02:29 : client: [42] closed
Mar 31 02:29 : client: [45] opened from 127.0.0.1:56590
Mar 31 02:30 : client: [45] closed
Mar 31 02:30 : client: [46] opened from 127.0.0.1:56618
Mar 31 02:31 : client: [46] closed
Mar 31 02:31 : client: [47] opened from 127.0.0.1:56638
Mar 31 02:31 : client: [47] closed
Mar 31 02:31 : client: [48] opened from 127.0.0.1:56642
Mar 31 02:31 : player: played "莫倪moni - 宝贝 我不再是穿着花裙的小傻X.mp3"
Mar 31 02:31 : client: [48] closed
Mar 31 02:31 : client: [49] opened from 127.0.0.1:56646
Mar 31 02:32 : client: [49] closed
Mar 31 02:32 : client: [50] opened from 127.0.0.1:56652
Mar 31 02:32 : client: [50] closed
Mar 31 02:32 : client: [51] opened from 127.0.0.1:56656
Mar 31 02:35 : player: played "Amy Chanrich - IF You & Faded Remix.mp3"
Mar 31 02:38 : client: [51] closed
Mar 31 02:38 : client: [52] opened from 127.0.0.1:56902
Mar 31 02:39 : player: played "Jam - 差三岁.mp3"
Mar 31 02:43 : player: played "Jam - 我也不知为何流下了眼泪.mp3"
Mar 31 02:46 : player: played "Jam - 拾墙.mp3"
Mar 31 02:49 : player: played "Jam - 梦里梦外.mp3"
Mar 31 02:53 : player: played "Joel Hanson - Traveling Light.mp3"
Mar 31 02:56 : player: played "Jon Young - 2 Soon.mp3"
Mar 31 02:59 : player: played "Lemon - 隔壁老王.mp3"
Mar 31 03:02 : player: played "Lola - Qaytmaydi.mp3"
Mar 31 03:06 : player: played "Lovestoned - Bye Bye Bye.mp3"
Mar 31 03:10 : player: played "Mac Mase Tatiana Manaois - I Know You Like It .mp3"
Mar 31 03:13 : player: played "Maksim - Небо-самолеты.mp3"
Mar 31 03:17 : player: played "Morning Call 轻晨电乐团 - 我们背对着青春.mp3"
Mar 31 03:19 : client: [53] opened from 127.0.0.1:32808
Mar 31 03:19 : player: played "my little airport - 给亲戚看见我一个人食吉野家.mp3"
Mar 31 03:19 : client: [53] closed
Mar 31 03:19 : avahi: Client Disconnected, will reconnect shortly
Mar 31 03:19 : avahi: Could not reconnect: An unexpected D-Bus error occurred
Apr 01 23:09 : exception: OutputThread could not get realtime scheduling, continuing anyway: sched_setscheduler failed: Operation not permitted
Apr 01 23:09 : client: [0] opened from 127.0.0.1:45476
Apr 02 20:50 : exception: OutputThread could not get realtime scheduling, continuing anyway: sched_setscheduler failed: Operation not permitted
Apr 02 20:50 : client: [0] opened from 127.0.0.1:45360
Apr 02 21:05 : client: [1] opened from 127.0.0.1:45520
Apr 02 21:05 : client: [1] closed
Apr 02 21:05 : exception: OutputThread could not get realtime scheduling, continuing anyway: sched_setscheduler failed: Operation not permitted
Apr 02 21:05 : client: [2] opened from 127.0.0.1:45522
Apr 02 21:05 : client: [2] closed
Apr 02 21:08 : player: played "Niykee Heaton - Skin Tight.mp3"
Apr 02 21:09 : client: [3] opened from 127.0.0.1:45558
Apr 02 21:13 : player: played "Richard Marx - Right Here Waiting.mp3"
Apr 02 21:17 : player: played "Rihanna - Cry.mp3"
Apr 02 21:21 : player: played "Tatiana Manaois - Go Crazy.mp3"
Apr 02 21:25 : player: played "周子琰 - 小幸福.mp3"
Apr 02 21:29 : player: played "岑日珈 - 真身.mp3"
Apr 02 21:33 : player: played "汤旭 - 岛歌.mp3"
Apr 02 21:35 : player: played "花粥 - 二十岁的某一天.mp3"
Apr 02 21:39 : player: played "莫倪moni - 宝贝 我不再是穿着花裙的小傻X.mp3"
Apr 02 21:43 : player: played "Amy Chanrich - IF You & Faded Remix.mp3"
Apr 02 21:47 : player: played "Jam - 差三岁.mp3"
Apr 02 21:51 : player: played "Jam - 我也不知为何流下了眼泪.mp3"
Apr 02 21:54 : player: played "Jam - 拾墙.mp3"
Apr 02 21:57 : player: played "Jam - 梦里梦外.mp3"
Apr 02 22:01 : player: played "Joel Hanson - Traveling Light.mp3"
Apr 02 22:04 : player: played "Jon Young - 2 Soon.mp3"
Apr 02 22:07 : player: played "Lemon - 隔壁老王.mp3"
Apr 02 22:10 : player: played "Lola - Qaytmaydi.mp3"
